<?xml version="1.0" encoding="UTF-8"?>
<robot generator="Robot 5.0.1 (Python 3.7.4 on win32)" generated="20220518 22:20:37.708" rpa="false" schemaversion="3">
<suite id="s1" name="Question" source="C:\Users\Draco\PycharmProjects\Bito\TestCase\question.robot">
<test id="s1-t1" name="Check Google and Apple Version" line="7">
<kw name="Open Browser" library="Selenium2Library">
<arg>https://play.google.com/store/apps/details?id=com.bitoex.bitoproapp</arg>
<arg>chrome</arg>
<doc>Opens a new browser instance to the optional ``url``.</doc>
<msg timestamp="20220518 22:20:38.005" level="INFO">Opening browser 'chrome' to base url 'https://play.google.com/store/apps/details?id=com.bitoex.bitoproapp'.</msg>
<status status="PASS" starttime="20220518 22:20:38.005" endtime="20220518 22:20:40.797"/>
</kw>
<kw name="Click Element" library="Selenium2Library">
<arg>xpath=//*[text()="關於這個應用程式"]//ancestor::header//i[contains(@class, "google-material-icons")]</arg>
<doc>Click the element identified by ``locator``.</doc>
<msg timestamp="20220518 22:20:40.798" level="INFO">Clicking element 'xpath=//*[text()="關於這個應用程式"]//ancestor::header//i[contains(@class, "google-material-icons")]'.</msg>
<status status="PASS" starttime="20220518 22:20:40.797" endtime="20220518 22:20:40.862"/>
</kw>
<kw name="Wait Until Element Is Visible" library="Selenium2Library">
<arg>xpath=//div[@role="dialog"]</arg>
<doc>Waits until the element ``locator`` is visible.</doc>
<status status="PASS" starttime="20220518 22:20:40.863" endtime="20220518 22:20:41.167"/>
</kw>
<kw name="Get Text" library="Selenium2Library">
<var>${google_version}</var>
<arg>xpath=//*[text()="版本"]//following-sibling::div</arg>
<doc>Returns the text value of the element identified by ``locator``.</doc>
<msg timestamp="20220518 22:20:41.187" level="INFO">${google_version} = 4.1.4</msg>
<status status="PASS" starttime="20220518 22:20:41.168" endtime="20220518 22:20:41.187"/>
</kw>
<kw name="Close Browser" library="Selenium2Library">
<doc>Closes the current browser.</doc>
<status status="PASS" starttime="20220518 22:20:41.188" endtime="20220518 22:20:43.453"/>
</kw>
<kw name="Open Browser" library="Selenium2Library">
<arg>https://apps.apple.com/tw/app/bitopro/id1393007496</arg>
<arg>chrome</arg>
<doc>Opens a new browser instance to the optional ``url``.</doc>
<msg timestamp="20220518 22:20:43.454" level="INFO">Opening browser 'chrome' to base url 'https://apps.apple.com/tw/app/bitopro/id1393007496'.</msg>
<status status="PASS" starttime="20220518 22:20:43.454" endtime="20220518 22:20:46.664"/>
</kw>
<kw name="Get Text" library="Selenium2Library">
<var>${apple_version_with_tile}</var>
<arg>xpath=//p[contains(@class, "whats-new__latest__version")]</arg>
<doc>Returns the text value of the element identified by ``locator``.</doc>
<msg timestamp="20220518 22:20:46.703" level="INFO">${apple_version_with_tile} = 版本 4.1.4</msg>
<status status="PASS" starttime="20220518 22:20:46.665" endtime="20220518 22:20:46.703"/>
</kw>
<kw name="Split String" library="String">
<var>${apple_version_str_list}</var>
<arg>${apple_version_with_tile}</arg>
<doc>Splits the ``string`` using ``separator`` as a delimiter string.</doc>
<msg timestamp="20220518 22:20:46.704" level="INFO">${apple_version_str_list} = ['版本', '4.1.4']</msg>
<status status="PASS" starttime="20220518 22:20:46.704" endtime="20220518 22:20:46.704"/>
</kw>
<kw name="Set Variable" library="BuiltIn">
<var>${apple_version}</var>
<arg>${apple_version_str_list[-1]}</arg>
<doc>Returns the given values which can then be assigned to a variables.</doc>
<msg timestamp="20220518 22:20:46.705" level="INFO">${apple_version} = 4.1.4</msg>
<status status="PASS" starttime="20220518 22:20:46.704" endtime="20220518 22:20:46.705"/>
</kw>
<kw name="Close Browser" library="Selenium2Library">
<doc>Closes the current browser.</doc>
<status status="PASS" starttime="20220518 22:20:46.706" endtime="20220518 22:20:48.937"/>
</kw>
<kw name="Should Be Equal" library="BuiltIn">
<arg>${google_version}</arg>
<arg>${apple_version}</arg>
<doc>Fails if the given objects are unequal.</doc>
<status status="PASS" starttime="20220518 22:20:48.937" endtime="20220518 22:20:48.938"/>
</kw>
<kw name="Close Browser" library="Selenium2Library" type="TEARDOWN">
<doc>Closes the current browser.</doc>
<status status="PASS" starttime="20220518 22:20:48.938" endtime="20220518 22:20:48.938"/>
</kw>
<status status="PASS" starttime="20220518 22:20:38.004" endtime="20220518 22:20:48.939"/>
</test>
<status status="PASS" starttime="20220518 22:20:37.714" endtime="20220518 22:20:48.941"/>
</suite>
<statistics>
<total>
<stat pass="1" fail="0" skip="0">All Tests</stat>
</total>
<tag>
</tag>
<suite>
<stat pass="1" fail="0" skip="0" id="s1" name="Question">Question</stat>
</suite>
</statistics>
<errors>
</errors>
</robot>
